<?xml version="1.0" encoding="UTF-8"?>
<testng-results ignored="0" total="1" passed="1" failed="0" skipped="0">
  <reporter-output>
  </reporter-output>
  <suite started-at="2022-02-04T20:10:45 EST" name="Suite" finished-at="2022-02-04T20:10:46 EST" duration-ms="1154">
    <groups>
    </groups>
    <test started-at="2022-02-04T20:10:45 EST" name="Test" finished-at="2022-02-04T20:10:46 EST" duration-ms="1154">
      <class name="restAssured.DataDrivenExamples">
        <test-method signature="test_delete2(int)[pri:0, instance:restAssured.DataDrivenExamples@a2431d0]" started-at="2022-02-04T20:10:45 EST" name="test_delete2" finished-at="2022-02-04T20:10:46 EST" duration-ms="1121" status="PASS">
          <params>
            <param index="0">
              <value>
                <![CDATA[3]]>
              </value>
            </param>
          </params>
          <reporter-output>
          </reporter-output>
        </test-method> <!-- test_delete2 -->
      </class> <!-- restAssured.DataDrivenExamples -->
    </test> <!-- Test -->
  </suite> <!-- Suite -->
</testng-results>
